{"meta": {"format": 3, "version": "7.11.0", "timestamp": "2025-11-06T03:14:45.568919", "branch_coverage": false, "show_contexts": false}, "files": {"src/fullon_ohlcv_service/__init__.py": {"executed_lines": [1, 3, 5, 7], "summary": {"covered_lines": 3, "num_statements": 3, "percent_covered": 100.0, "percent_covered_display": "100", "missing_lines": 0, "excluded_lines": 0}, "missing_lines": [], "excluded_lines": [], "functions": {"": {"executed_lines": [1, 3, 5, 7], "summary": {"covered_lines": 3, "num_statements": 3, "percent_covered": 100.0, "percent_covered_display": "100", "missing_lines": 0, "excluded_lines": 0}, "missing_lines": [], "excluded_lines": []}}, "classes": {"": {"executed_lines": [1, 3, 5, 7], "summary": {"covered_lines": 3, "num_statements": 3, "percent_covered": 100.0, "percent_covered_display": "100", "missing_lines": 0, "excluded_lines": 0}, "missing_lines": [], "excluded_lines": []}}}, "src/fullon_ohlcv_service/config/__init__.py": {"executed_lines": [1, 7, 8, 10], "summary": {"covered_lines": 3, "num_statements": 3, "percent_covered": 100.0, "percent_covered_display": "100", "missing_lines": 0, "excluded_lines": 0}, "missing_lines": [], "excluded_lines": [], "functions": {"": {"executed_lines": [1, 7, 8, 10], "summary": {"covered_lines": 3, "num_statements": 3, "percent_covered": 100.0, "percent_covered_display": "100", "missing_lines": 0, "excluded_lines": 0}, "missing_lines": [], "excluded_lines": []}}, "classes": {"": {"executed_lines": [1, 7, 8, 10], "summary": {"covered_lines": 3, "num_statements": 3, "percent_covered": 100.0, "percent_covered_display": "100", "missing_lines": 0, "excluded_lines": 0}, "missing_lines": [], "excluded_lines": []}}}, "src/fullon_ohlcv_service/config/database_config.py": {"executed_lines": [1, 7, 8, 11, 31, 34, 36, 39, 40, 42, 43, 45, 46, 47, 48, 51, 52, 53, 55, 57, 59, 60, 61, 64, 67, 68, 69, 75, 81, 83, 84, 86, 87, 90, 100, 101, 102], "summary": {"covered_lines": 36, "num_statements": 36, "percent_covered": 100.0, "percent_covered_display": "100", "missing_lines": 0, "excluded_lines": 0}, "missing_lines": [], "excluded_lines": [], "functions": {"get_collection_targets": {"executed_lines": [31, 34, 83, 84, 86, 87], "summary": {"covered_lines": 6, "num_statements": 6, "percent_covered": 100.0, "percent_covered_display": "100", "missing_lines": 0, "excluded_lines": 0}, "missing_lines": [], "excluded_lines": []}, "get_collection_targets.process_database": {"executed_lines": [36, 39, 40, 42, 43, 45, 46, 47, 48, 51, 52, 53, 55, 57, 59, 60, 61, 64, 67, 68, 69, 75, 81], "summary": {"covered_lines": 23, "num_statements": 23, "percent_covered": 100.0, "percent_covered_display": "100", "missing_lines": 0, "excluded_lines": 0}, "missing_lines": [], "excluded_lines": []}, "should_collect_ohlcv": {"executed_lines": [100, 101, 102], "summary": {"covered_lines": 3, "num_statements": 3, "percent_covered": 100.0, "percent_covered_display": "100", "missing_lines": 0, "excluded_lines": 0}, "missing_lines": [], "excluded_lines": []}, "": {"executed_lines": [1, 7, 8, 11, 90], "summary": {"covered_lines": 4, "num_statements": 4, "percent_covered": 100.0, "percent_covered_display": "100", "missing_lines": 0, "excluded_lines": 0}, "missing_lines": [], "excluded_lines": []}}, "classes": {"": {"executed_lines": [1, 7, 8, 11, 31, 34, 36, 39, 40, 42, 43, 45, 46, 47, 48, 51, 52, 53, 55, 57, 59, 60, 61, 64, 67, 68, 69, 75, 81, 83, 84, 86, 87, 90, 100, 101, 102], "summary": {"covered_lines": 36, "num_statements": 36, "percent_covered": 100.0, "percent_covered_display": "100", "missing_lines": 0, "excluded_lines": 0}, "missing_lines": [], "excluded_lines": []}}}, "src/fullon_ohlcv_service/config/settings.py": {"executed_lines": [1, 3, 4, 7, 8, 9, 11, 12, 13, 14, 15, 16, 17, 19, 20, 22, 34], "summary": {"covered_lines": 15, "num_statements": 15, "percent_covered": 100.0, "percent_covered_display": "100", "missing_lines": 0, "excluded_lines": 0}, "missing_lines": [], "excluded_lines": [], "functions": {"OhlcvServiceConfig.from_env": {"executed_lines": [22], "summary": {"covered_lines": 1, "num_statements": 1, "percent_covered": 100.0, "percent_covered_display": "100", "missing_lines": 0, "excluded_lines": 0}, "missing_lines": [], "excluded_lines": []}, "": {"executed_lines": [1, 3, 4, 7, 8, 9, 11, 12, 13, 14, 15, 16, 17, 19, 20, 34], "summary": {"covered_lines": 14, "num_statements": 14, "percent_covered": 100.0, "percent_covered_display": "100", "missing_lines": 0, "excluded_lines": 0}, "missing_lines": [], "excluded_lines": []}}, "classes": {"OhlcvServiceConfig": {"executed_lines": [22], "summary": {"covered_lines": 1, "num_statements": 1, "percent_covered": 100.0, "percent_covered_display": "100", "missing_lines": 0, "excluded_lines": 0}, "missing_lines": [], "excluded_lines": []}, "": {"executed_lines": [1, 3, 4, 7, 8, 9, 11, 12, 13, 14, 15, 16, 17, 19, 20, 34], "summary": {"covered_lines": 14, "num_statements": 14, "percent_covered": 100.0, "percent_covered_display": "100", "missing_lines": 0, "excluded_lines": 0}, "missing_lines": [], "excluded_lines": []}}}, "src/fullon_ohlcv_service/daemon.py": {"executed_lines": [1, 13, 14, 16, 17, 18, 19, 21, 22, 23, 24, 25, 28, 29, 36, 37, 38, 39, 40, 41, 42, 43, 45, 47, 48, 56, 67, 68, 71, 72, 74, 75, 76, 78, 81, 82, 86, 87, 88, 89, 92, 95, 96, 100, 103, 104, 105, 106, 109, 110, 115, 118, 119, 120, 122, 124, 139, 140, 143, 144, 145, 152, 154, 155, 156, 158, 159, 160, 162, 169, 171, 177, 180, 181, 182, 184, 188, 191, 192, 193, 194, 197, 198, 199, 202, 207, 208, 211, 212, 213, 215, 222, 225, 226, 227, 228, 229, 230, 233, 234, 235, 236, 241, 242, 244], "summary": {"covered_lines": 103, "num_statements": 106, "percent_covered": 97.16981132075472, "percent_covered_display": "97", "missing_lines": 3, "excluded_lines": 0}, "missing_lines": [83, 116, 117], "excluded_lines": [], "functions": {"OhlcvServiceDaemon.__init__": {"executed_lines": [37, 38, 39, 40, 41, 42, 43], "summary": {"covered_lines": 7, "num_statements": 7, "percent_covered": 100.0, "percent_covered_display": "100", "missing_lines": 0, "excluded_lines": 0}, "missing_lines": [], "excluded_lines": []}, "OhlcvServiceDaemon._register_daemon": {"executed_lines": [47, 48], "summary": {"covered_lines": 2, "num_statements": 2, "percent_covered": 100.0, "percent_covered_display": "100", "missing_lines": 0, "excluded_lines": 0}, "missing_lines": [], "excluded_lines": []}, "OhlcvServiceDaemon.run": {"executed_lines": [67, 68, 71, 72, 74, 75, 76, 78, 81, 82, 86, 87, 88, 89, 92, 95, 96, 100, 103, 104, 105, 106, 109, 110, 115, 118, 119, 120, 122], "summary": {"covered_lines": 29, "num_statements": 32, "percent_covered": 90.625, "percent_covered_display": "91", "missing_lines": 3, "excluded_lines": 0}, "missing_lines": [83, 116, 117], "excluded_lines": []}, "OhlcvServiceDaemon.process_symbol": {"executed_lines": [139, 140, 143, 144, 145, 152, 154, 155, 156, 158, 159, 160, 162, 169, 171, 177, 180, 181, 182, 184, 188, 191, 192, 193, 194, 197, 198, 199, 202, 207, 208, 211, 212, 213], "summary": {"covered_lines": 34, "num_statements": 34, "percent_covered": 100.0, "percent_covered_display": "100", "missing_lines": 0, "excluded_lines": 0}, "missing_lines": [], "excluded_lines": []}, "OhlcvServiceDaemon.cleanup": {"executed_lines": [222, 225, 226, 227, 228, 229, 230, 233, 234, 235, 236, 241, 242, 244], "summary": {"covered_lines": 14, "num_statements": 14, "percent_covered": 100.0, "percent_covered_display": "100", "missing_lines": 0, "excluded_lines": 0}, "missing_lines": [], "excluded_lines": []}, "": {"executed_lines": [1, 13, 14, 16, 17, 18, 19, 21, 22, 23, 24, 25, 28, 29, 36, 45, 56, 124, 215], "summary": {"covered_lines": 17, "num_statements": 17, "percent_covered": 100.0, "percent_covered_display": "100", "missing_lines": 0, "excluded_lines": 0}, "missing_lines": [], "excluded_lines": []}}, "classes": {"OhlcvServiceDaemon": {"executed_lines": [37, 38, 39, 40, 41, 42, 43, 47, 48, 67, 68, 71, 72, 74, 75, 76, 78, 81, 82, 86, 87, 88, 89, 92, 95, 96, 100, 103, 104, 105, 106, 109, 110, 115, 118, 119, 120, 122, 139, 140, 143, 144, 145, 152, 154, 155, 156, 158, 159, 160, 162, 169, 171, 177, 180, 181, 182, 184, 188, 191, 192, 193, 194, 197, 198, 199, 202, 207, 208, 211, 212, 213, 222, 225, 226, 227, 228, 229, 230, 233, 234, 235, 236, 241, 242, 244], "summary": {"covered_lines": 86, "num_statements": 89, "percent_covered": 96.62921348314607, "percent_covered_display": "97", "missing_lines": 3, "excluded_lines": 0}, "missing_lines": [83, 116, 117], "excluded_lines": []}, "": {"executed_lines": [1, 13, 14, 16, 17, 18, 19, 21, 22, 23, 24, 25, 28, 29, 36, 45, 56, 124, 215], "summary": {"covered_lines": 17, "num_statements": 17, "percent_covered": 100.0, "percent_covered_display": "100", "missing_lines": 0, "excluded_lines": 0}, "missing_lines": [], "excluded_lines": []}}}, "src/fullon_ohlcv_service/env_config.py": {"executed_lines": [1, 3, 5, 7, 10, 11, 13, 14, 16, 17, 19, 20, 21], "summary": {"covered_lines": 11, "num_statements": 11, "percent_covered": 100.0, "percent_covered_display": "100", "missing_lines": 0, "excluded_lines": 0}, "missing_lines": [], "excluded_lines": [], "functions": {"Config.__init__": {"executed_lines": [14], "summary": {"covered_lines": 1, "num_statements": 1, "percent_covered": 100.0, "percent_covered_display": "100", "missing_lines": 0, "excluded_lines": 0}, "missing_lines": [], "excluded_lines": []}, "Config.get_instance": {"executed_lines": [19, 20, 21], "summary": {"covered_lines": 3, "num_statements": 3, "percent_covered": 100.0, "percent_covered_display": "100", "missing_lines": 0, "excluded_lines": 0}, "missing_lines": [], "excluded_lines": []}, "": {"executed_lines": [1, 3, 5, 7, 10, 11, 13, 16, 17], "summary": {"covered_lines": 7, "num_statements": 7, "percent_covered": 100.0, "percent_covered_display": "100", "missing_lines": 0, "excluded_lines": 0}, "missing_lines": [], "excluded_lines": []}}, "classes": {"Config": {"executed_lines": [14, 19, 20, 21], "summary": {"covered_lines": 4, "num_statements": 4, "percent_covered": 100.0, "percent_covered_display": "100", "missing_lines": 0, "excluded_lines": 0}, "missing_lines": [], "excluded_lines": []}, "": {"executed_lines": [1, 3, 5, 7, 10, 11, 13, 16, 17], "summary": {"covered_lines": 7, "num_statements": 7, "percent_covered": 100.0, "percent_covered_display": "100", "missing_lines": 0, "excluded_lines": 0}, "missing_lines": [], "excluded_lines": []}}}, "src/fullon_ohlcv_service/ohlcv/__init__.py": {"executed_lines": [1, 11, 12, 14], "summary": {"covered_lines": 3, "num_statements": 3, "percent_covered": 100.0, "percent_covered_display": "100", "missing_lines": 0, "excluded_lines": 0}, "missing_lines": [], "excluded_lines": [], "functions": {"": {"executed_lines": [1, 11, 12, 14], "summary": {"covered_lines": 3, "num_statements": 3, "percent_covered": 100.0, "percent_covered_display": "100", "missing_lines": 0, "excluded_lines": 0}, "missing_lines": [], "excluded_lines": []}}, "classes": {"": {"executed_lines": [1, 11, 12, 14], "summary": {"covered_lines": 3, "num_statements": 3, "percent_covered": 100.0, "percent_covered_display": "100", "missing_lines": 0, "excluded_lines": 0}, "missing_lines": [], "excluded_lines": []}}}, "src/fullon_ohlcv_service/ohlcv/historic_collector.py": {"executed_lines": [1, 9, 10, 11, 13, 14, 15, 16, 17, 18, 19, 20, 22, 24, 27, 37, 38, 39, 40, 41, 42, 43, 44, 45, 47, 50, 51, 58, 59, 60, 62, 69, 70, 71, 73, 74, 76, 78, 80, 83, 84, 86, 87, 88, 89, 90, 92, 96, 99, 102, 105, 106, 108, 109, 115, 116, 122, 124, 158, 160, 162, 164, 165, 166, 169, 170, 171, 176, 177, 178, 179, 180, 181, 182, 184, 188, 189, 191, 198, 199, 200, 201, 206, 209, 217, 224, 225, 226, 227, 230, 233, 234, 235, 236, 237, 240, 242, 243, 249, 251, 253, 254, 257, 258, 267, 268, 270, 280, 283, 290, 292, 293, 294, 296, 303, 305, 306, 312, 313, 315, 320, 323, 340, 341, 344, 500, 501, 506, 509, 510, 516, 518, 519, 522, 524, 530, 532, 534, 535, 536, 537, 538], "summary": {"covered_lines": 140, "num_statements": 228, "percent_covered": 61.40350877192982, "percent_covered_display": "61", "missing_lines": 88, "excluded_lines": 0}, "missing_lines": [93, 94, 107, 111, 112, 113, 136, 139, 142, 143, 144, 145, 146, 148, 149, 152, 155, 156, 210, 215, 272, 273, 324, 325, 326, 327, 328, 332, 333, 334, 347, 348, 356, 357, 358, 359, 363, 364, 365, 367, 368, 369, 371, 385, 390, 391, 392, 394, 395, 396, 400, 401, 415, 416, 418, 419, 420, 421, 422, 423, 426, 430, 431, 432, 439, 446, 449, 450, 451, 452, 453, 455, 458, 459, 462, 463, 464, 466, 469, 473, 481, 482, 485, 486, 492, 494, 495, 498], "excluded_lines": [], "functions": {"_format_time_remaining": {"executed_lines": [37, 38, 39, 40, 41, 42, 43, 44, 45, 47], "summary": {"covered_lines": 10, "num_statements": 10, "percent_covered": 100.0, "percent_covered_display": "100", "missing_lines": 0, "excluded_lines": 0}, "missing_lines": [], "excluded_lines": []}, "HistoricOHLCVCollector.__init__": {"executed_lines": [59, 60], "summary": {"covered_lines": 2, "num_statements": 2, "percent_covered": 100.0, "percent_covered_display": "100", "missing_lines": 0, "excluded_lines": 0}, "missing_lines": [], "excluded_lines": []}, "HistoricOHLCVCollector.start_collection": {"executed_lines": [69, 70, 71, 73, 74, 76, 78, 80, 83, 84, 86, 87, 88, 89, 90, 92, 96, 99, 102, 105, 106, 108, 109, 115, 116, 122], "summary": {"covered_lines": 26, "num_statements": 32, "percent_covered": 81.25, "percent_covered_display": "81", "missing_lines": 6, "excluded_lines": 0}, "missing_lines": [93, 94, 107, 111, 112, 113], "excluded_lines": []}, "HistoricOHLCVCollector.start_symbol": {"executed_lines": [], "summary": {"covered_lines": 0, "num_statements": 12, "percent_covered": 0.0, "percent_covered_display": "0", "missing_lines": 12, "excluded_lines": 0}, "missing_lines": [136, 139, 142, 143, 144, 145, 146, 148, 149, 152, 155, 156], "excluded_lines": []}, "HistoricOHLCVCollector._load_data": {"executed_lines": [160, 162, 164, 165, 166, 169, 170, 171, 176, 177, 178, 179, 180, 181, 182], "summary": {"covered_lines": 15, "num_statements": 15, "percent_covered": 100.0, "percent_covered_display": "100", "missing_lines": 0, "excluded_lines": 0}, "missing_lines": [], "excluded_lines": []}, "HistoricOHLCVCollector._start_exchange_historic_collector": {"executed_lines": [188, 189, 191, 198, 199, 200, 201, 206, 209, 217, 224, 225, 226, 227, 230, 233, 234, 235, 236, 237, 240, 242, 243, 249], "summary": {"covered_lines": 24, "num_statements": 26, "percent_covered": 92.3076923076923, "percent_covered_display": "92", "missing_lines": 2, "excluded_lines": 0}, "missing_lines": [210, 215], "excluded_lines": []}, "HistoricOHLCVCollector._collect_symbol_historical": {"executed_lines": [253, 254, 257, 258, 267, 268, 270, 280, 283, 290, 292, 293, 294, 296, 303, 305, 306, 312, 313, 315, 320, 323, 340, 341, 344, 500, 501, 506, 509, 510, 516, 518, 519, 522, 524, 530], "summary": {"covered_lines": 36, "num_statements": 104, "percent_covered": 34.61538461538461, "percent_covered_display": "35", "missing_lines": 68, "excluded_lines": 0}, "missing_lines": [272, 273, 324, 325, 326, 327, 328, 332, 333, 334, 347, 348, 356, 357, 358, 359, 363, 364, 365, 367, 368, 369, 371, 385, 390, 391, 392, 394, 395, 396, 400, 401, 415, 416, 418, 419, 420, 421, 422, 423, 426, 430, 431, 432, 439, 446, 449, 450, 451, 452, 453, 455, 458, 459, 462, 463, 464, 466, 469, 473, 481, 482, 485, 486, 492, 494, 495, 498], "excluded_lines": []}, "HistoricOHLCVCollector._extract_timestamp": {"executed_lines": [534, 535, 536, 537, 538], "summary": {"covered_lines": 5, "num_statements": 5, "percent_covered": 100.0, "percent_covered_display": "100", "missing_lines": 0, "excluded_lines": 0}, "missing_lines": [], "excluded_lines": []}, "": {"executed_lines": [1, 9, 10, 11, 13, 14, 15, 16, 17, 18, 19, 20, 22, 24, 27, 50, 51, 58, 62, 124, 158, 184, 251, 532], "summary": {"covered_lines": 22, "num_statements": 22, "percent_covered": 100.0, "percent_covered_display": "100", "missing_lines": 0, "excluded_lines": 0}, "missing_lines": [], "excluded_lines": []}}, "classes": {"HistoricOHLCVCollector": {"executed_lines": [59, 60, 69, 70, 71, 73, 74, 76, 78, 80, 83, 84, 86, 87, 88, 89, 90, 92, 96, 99, 102, 105, 106, 108, 109, 115, 116, 122, 160, 162, 164, 165, 166, 169, 170, 171, 176, 177, 178, 179, 180, 181, 182, 188, 189, 191, 198, 199, 200, 201, 206, 209, 217, 224, 225, 226, 227, 230, 233, 234, 235, 236, 237, 240, 242, 243, 249, 253, 254, 257, 258, 267, 268, 270, 280, 283, 290, 292, 293, 294, 296, 303, 305, 306, 312, 313, 315, 320, 323, 340, 341, 344, 500, 501, 506, 509, 510, 516, 518, 519, 522, 524, 530, 534, 535, 536, 537, 538], "summary": {"covered_lines": 108, "num_statements": 196, "percent_covered": 55.10204081632653, "percent_covered_display": "55", "missing_lines": 88, "excluded_lines": 0}, "missing_lines": [93, 94, 107, 111, 112, 113, 136, 139, 142, 143, 144, 145, 146, 148, 149, 152, 155, 156, 210, 215, 272, 273, 324, 325, 326, 327, 328, 332, 333, 334, 347, 348, 356, 357, 358, 359, 363, 364, 365, 367, 368, 369, 371, 385, 390, 391, 392, 394, 395, 396, 400, 401, 415, 416, 418, 419, 420, 421, 422, 423, 426, 430, 431, 432, 439, 446, 449, 450, 451, 452, 453, 455, 458, 459, 462, 463, 464, 466, 469, 473, 481, 482, 485, 486, 492, 494, 495, 498], "excluded_lines": []}, "": {"executed_lines": [1, 9, 10, 11, 13, 14, 15, 16, 17, 18, 19, 20, 22, 24, 27, 37, 38, 39, 40, 41, 42, 43, 44, 45, 47, 50, 51, 58, 62, 124, 158, 184, 251, 532], "summary": {"covered_lines": 32, "num_statements": 32, "percent_covered": 100.0, "percent_covered_display": "100", "missing_lines": 0, "excluded_lines": 0}, "missing_lines": [], "excluded_lines": []}}}, "src/fullon_ohlcv_service/ohlcv/live_collector.py": {"executed_lines": [1, 8, 9, 10, 11, 12, 13, 14, 15, 16, 17, 19, 20, 22, 25, 26, 33, 34, 35, 36, 37, 38, 39, 40, 42, 44, 45, 46, 75, 77, 78, 80, 83, 86, 87, 89, 94, 95, 96, 97, 98, 99, 101, 103, 108, 110, 114, 116, 118, 120, 123, 124, 125, 130, 131, 133, 135, 142, 143, 144, 145, 146, 149, 150, 161, 163, 167, 168, 169, 177, 186, 198, 236, 333, 336, 337, 338, 339, 340, 341, 342, 352, 353, 355, 356, 357, 358, 366, 367, 368, 375, 376, 384, 385, 386, 387, 393, 395, 404, 405, 407, 421, 422, 424, 425, 428, 429, 430, 433, 436, 437, 438, 439, 440, 442, 443, 446, 448, 449, 452, 453, 454, 455, 460, 469, 470, 481, 484, 485, 488, 489, 491, 494, 495, 497], "summary": {"covered_lines": 133, "num_statements": 240, "percent_covered": 55.416666666666664, "percent_covered_display": "55", "missing_lines": 107, "excluded_lines": 0}, "missing_lines": [48, 49, 51, 53, 56, 58, 59, 60, 61, 62, 64, 65, 66, 69, 71, 72, 73, 178, 179, 192, 193, 196, 207, 209, 210, 211, 214, 215, 216, 217, 218, 223, 226, 227, 228, 229, 231, 232, 233, 234, 246, 247, 248, 251, 252, 254, 262, 264, 265, 267, 273, 275, 278, 280, 281, 284, 285, 286, 288, 290, 298, 299, 300, 307, 309, 310, 318, 319, 320, 327, 330, 331, 461, 462, 508, 509, 510, 513, 516, 517, 518, 519, 520, 522, 523, 526, 527, 538, 540, 542, 545, 546, 547, 552, 555, 556, 562, 565, 572, 575, 578, 580, 581, 589, 590, 591, 596], "excluded_lines": [], "functions": {"LiveOHLCVCollector.__init__": {"executed_lines": [34, 35, 36, 37, 38, 39, 40], "summary": {"covered_lines": 7, "num_statements": 7, "percent_covered": 100.0, "percent_covered_display": "100", "missing_lines": 0, "excluded_lines": 0}, "missing_lines": [], "excluded_lines": []}, "LiveOHLCVCollector.start_collection": {"executed_lines": [44, 45, 46], "summary": {"covered_lines": 3, "num_statements": 20, "percent_covered": 15.0, "percent_covered_display": "15", "missing_lines": 17, "excluded_lines": 0}, "missing_lines": [48, 49, 51, 53, 56, 58, 59, 60, 61, 62, 64, 65, 66, 69, 71, 72, 73], "excluded_lines": []}, "LiveOHLCVCollector.stop_collection": {"executed_lines": [77, 78], "summary": {"covered_lines": 2, "num_statements": 2, "percent_covered": 100.0, "percent_covered_display": "100", "missing_lines": 0, "excluded_lines": 0}, "missing_lines": [], "excluded_lines": []}, "LiveOHLCVCollector._load_data": {"executed_lines": [83, 86, 87, 89, 94, 95, 96, 97, 98, 99, 101], "summary": {"covered_lines": 11, "num_statements": 11, "percent_covered": 100.0, "percent_covered_display": "100", "missing_lines": 0, "excluded_lines": 0}, "missing_lines": [], "excluded_lines": []}, "LiveOHLCVCollector._start_exchange_collector": {"executed_lines": [108, 110, 114, 116, 118, 120, 123, 124, 125, 130, 131, 133, 135, 142, 143, 144, 145, 146, 149, 150, 161, 163, 167, 168, 169, 177, 186], "summary": {"covered_lines": 27, "num_statements": 32, "percent_covered": 84.375, "percent_covered_display": "84", "missing_lines": 5, "excluded_lines": 0}, "missing_lines": [178, 179, 192, 193, 196], "excluded_lines": []}, "LiveOHLCVCollector._supports_websocket": {"executed_lines": [], "summary": {"covered_lines": 0, "num_statements": 18, "percent_covered": 0.0, "percent_covered_display": "0", "missing_lines": 18, "excluded_lines": 0}, "missing_lines": [207, 209, 210, 211, 214, 215, 216, 217, 218, 223, 226, 227, 228, 229, 231, 232, 233, 234], "excluded_lines": []}, "LiveOHLCVCollector._start_rest_polling": {"executed_lines": [], "summary": {"covered_lines": 0, "num_statements": 9, "percent_covered": 0.0, "percent_covered_display": "0", "missing_lines": 9, "excluded_lines": 0}, "missing_lines": [246, 247, 248, 251, 252, 254, 262, 330, 331], "excluded_lines": []}, "LiveOHLCVCollector._start_rest_polling.poll_loop": {"executed_lines": [], "summary": {"covered_lines": 0, "num_statements": 23, "percent_covered": 0.0, "percent_covered_display": "0", "missing_lines": 23, "excluded_lines": 0}, "missing_lines": [264, 265, 267, 273, 275, 278, 280, 281, 284, 285, 286, 288, 290, 298, 299, 300, 307, 309, 310, 318, 319, 320, 327], "excluded_lines": []}, "LiveOHLCVCollector._create_symbol_callback": {"executed_lines": [336, 393], "summary": {"covered_lines": 2, "num_statements": 2, "percent_covered": 100.0, "percent_covered_display": "100", "missing_lines": 0, "excluded_lines": 0}, "missing_lines": [], "excluded_lines": []}, "LiveOHLCVCollector._create_symbol_callback.ohlcv_callback": {"executed_lines": [337, 338, 339, 340, 341, 342, 352, 353, 355, 356, 357, 358, 366, 367, 368, 375, 376, 384, 385, 386, 387], "summary": {"covered_lines": 21, "num_statements": 21, "percent_covered": 100.0, "percent_covered_display": "100", "missing_lines": 0, "excluded_lines": 0}, "missing_lines": [], "excluded_lines": []}, "LiveOHLCVCollector.is_collecting": {"executed_lines": [404, 405], "summary": {"covered_lines": 2, "num_statements": 2, "percent_covered": 100.0, "percent_covered_display": "100", "missing_lines": 0, "excluded_lines": 0}, "missing_lines": [], "excluded_lines": []}, "LiveOHLCVCollector.add_symbol": {"executed_lines": [421, 422, 424, 425, 428, 429, 430, 433, 436, 437, 438, 439, 440, 442, 443, 446, 448, 449, 452, 453, 454, 455, 460, 469, 470, 481, 484, 485, 488, 489, 491, 494, 495], "summary": {"covered_lines": 33, "num_statements": 35, "percent_covered": 94.28571428571429, "percent_covered_display": "94", "missing_lines": 2, "excluded_lines": 0}, "missing_lines": [461, 462], "excluded_lines": []}, "LiveOHLCVCollector.start_symbol": {"executed_lines": [], "summary": {"covered_lines": 0, "num_statements": 33, "percent_covered": 0.0, "percent_covered_display": "0", "missing_lines": 33, "excluded_lines": 0}, "missing_lines": [508, 509, 510, 513, 516, 517, 518, 519, 520, 522, 523, 526, 527, 538, 540, 542, 545, 546, 547, 552, 555, 556, 562, 565, 572, 575, 578, 580, 581, 589, 590, 591, 596], "excluded_lines": []}, "": {"executed_lines": [1, 8, 9, 10, 11, 12, 13, 14, 15, 16, 17, 19, 20, 22, 25, 26, 33, 42, 75, 80, 103, 198, 236, 333, 395, 407, 497], "summary": {"covered_lines": 25, "num_statements": 25, "percent_covered": 100.0, "percent_covered_display": "100", "missing_lines": 0, "excluded_lines": 0}, "missing_lines": [], "excluded_lines": []}}, "classes": {"LiveOHLCVCollector": {"executed_lines": [34, 35, 36, 37, 38, 39, 40, 44, 45, 46, 77, 78, 83, 86, 87, 89, 94, 95, 96, 97, 98, 99, 101, 108, 110, 114, 116, 118, 120, 123, 124, 125, 130, 131, 133, 135, 142, 143, 144, 145, 146, 149, 150, 161, 163, 167, 168, 169, 177, 186, 336, 337, 338, 339, 340, 341, 342, 352, 353, 355, 356, 357, 358, 366, 367, 368, 375, 376, 384, 385, 386, 387, 393, 404, 405, 421, 422, 424, 425, 428, 429, 430, 433, 436, 437, 438, 439, 440, 442, 443, 446, 448, 449, 452, 453, 454, 455, 460, 469, 470, 481, 484, 485, 488, 489, 491, 494, 495], "summary": {"covered_lines": 108, "num_statements": 215, "percent_covered": 50.23255813953488, "percent_covered_display": "50", "missing_lines": 107, "excluded_lines": 0}, "missing_lines": [48, 49, 51, 53, 56, 58, 59, 60, 61, 62, 64, 65, 66, 69, 71, 72, 73, 178, 179, 192, 193, 196, 207, 209, 210, 211, 214, 215, 216, 217, 218, 223, 226, 227, 228, 229, 231, 232, 233, 234, 246, 247, 248, 251, 252, 254, 262, 264, 265, 267, 273, 275, 278, 280, 281, 284, 285, 286, 288, 290, 298, 299, 300, 307, 309, 310, 318, 319, 320, 327, 330, 331, 461, 462, 508, 509, 510, 513, 516, 517, 518, 519, 520, 522, 523, 526, 527, 538, 540, 542, 545, 546, 547, 552, 555, 556, 562, 565, 572, 575, 578, 580, 581, 589, 590, 591, 596], "excluded_lines": []}, "": {"executed_lines": [1, 8, 9, 10, 11, 12, 13, 14, 15, 16, 17, 19, 20, 22, 25, 26, 33, 42, 75, 80, 103, 198, 236, 333, 395, 407, 497], "summary": {"covered_lines": 25, "num_statements": 25, "percent_covered": 100.0, "percent_covered_display": "100", "missing_lines": 0, "excluded_lines": 0}, "missing_lines": [], "excluded_lines": []}}}, "src/fullon_ohlcv_service/ohlcv/utils.py": {"executed_lines": [1, 3, 4, 5, 7, 10, 40, 49, 51, 53, 54, 56, 57, 58, 59, 60, 61, 62, 64, 65, 66, 67, 68, 69, 70, 81, 82, 83, 86, 90, 104], "summary": {"covered_lines": 30, "num_statements": 55, "percent_covered": 54.54545454545455, "percent_covered_display": "55", "missing_lines": 25, "excluded_lines": 0}, "missing_lines": [19, 20, 23, 24, 25, 26, 27, 28, 29, 30, 31, 32, 33, 34, 36, 37, 73, 74, 75, 76, 77, 78, 100, 101, 102], "excluded_lines": [], "functions": {"timeframe_to_seconds": {"executed_lines": [], "summary": {"covered_lines": 0, "num_statements": 16, "percent_covered": 0.0, "percent_covered_display": "0", "missing_lines": 16, "excluded_lines": 0}, "missing_lines": [19, 20, 23, 24, 25, 26, 27, 28, 29, 30, 31, 32, 33, 34, 36, 37], "excluded_lines": []}, "convert_to_candle_objects": {"executed_lines": [49, 51, 53, 54, 56, 57, 58, 59, 60, 61, 62, 64, 65, 66, 67, 68, 69, 70, 81, 82, 83, 86, 90, 104], "summary": {"covered_lines": 24, "num_statements": 33, "percent_covered": 72.72727272727273, "percent_covered_display": "73", "missing_lines": 9, "excluded_lines": 0}, "missing_lines": [73, 74, 75, 76, 77, 78, 100, 101, 102], "excluded_lines": []}, "": {"executed_lines": [1, 3, 4, 5, 7, 10, 40], "summary": {"covered_lines": 6, "num_statements": 6, "percent_covered": 100.0, "percent_covered_display": "100", "missing_lines": 0, "excluded_lines": 0}, "missing_lines": [], "excluded_lines": []}}, "classes": {"": {"executed_lines": [1, 3, 4, 5, 7, 10, 40, 49, 51, 53, 54, 56, 57, 58, 59, 60, 61, 62, 64, 65, 66, 67, 68, 69, 70, 81, 82, 83, 86, 90, 104], "summary": {"covered_lines": 30, "num_statements": 55, "percent_covered": 54.54545454545455, "percent_covered_display": "55", "missing_lines": 25, "excluded_lines": 0}, "missing_lines": [19, 20, 23, 24, 25, 26, 27, 28, 29, 30, 31, 32, 33, 34, 36, 37, 73, 74, 75, 76, 77, 78, 100, 101, 102], "excluded_lines": []}}}, "src/fullon_ohlcv_service/trade/__init__.py": {"executed_lines": [1, 12, 13, 15], "summary": {"covered_lines": 3, "num_statements": 3, "percent_covered": 100.0, "percent_covered_display": "100", "missing_lines": 0, "excluded_lines": 0}, "missing_lines": [], "excluded_lines": [], "functions": {"": {"executed_lines": [1, 12, 13, 15], "summary": {"covered_lines": 3, "num_statements": 3, "percent_covered": 100.0, "percent_covered_display": "100", "missing_lines": 0, "excluded_lines": 0}, "missing_lines": [], "excluded_lines": []}}, "classes": {"": {"executed_lines": [1, 12, 13, 15], "summary": {"covered_lines": 3, "num_statements": 3, "percent_covered": 100.0, "percent_covered_display": "100", "missing_lines": 0, "excluded_lines": 0}, "missing_lines": [], "excluded_lines": []}}}, "src/fullon_ohlcv_service/trade/batcher.py": {"executed_lines": [1, 8, 9, 10, 11, 12, 14, 15, 16, 17, 18, 19, 22, 23, 30, 31, 33, 35, 36, 37, 38, 40, 42, 43, 45, 46, 47, 48, 49, 51, 52, 54, 62, 63, 64, 65, 73, 74, 76, 84, 85, 86, 87, 95, 98, 100, 103, 104, 105, 107, 109, 111, 112, 113, 114, 116, 118, 120, 121, 123, 124, 125, 128, 129, 136, 137, 140, 142, 144, 150, 153, 155, 159, 166, 167, 168, 170, 171, 173, 175, 176, 177, 179, 180, 181, 182, 185, 186, 188, 195, 196, 197, 198, 201, 210, 211, 212, 225, 228, 229, 230, 237, 245, 248, 249, 257, 263, 274, 276, 277, 279, 280, 283, 286, 287, 289, 290, 296, 314, 324, 326, 327, 328, 330, 331, 333, 334, 343, 344, 356, 358, 359, 362, 364], "summary": {"covered_lines": 132, "num_statements": 149, "percent_covered": 88.59060402684564, "percent_covered_display": "89", "missing_lines": 17, "excluded_lines": 0}, "missing_lines": [96, 101, 156, 157, 214, 215, 221, 238, 298, 301, 303, 304, 311, 312, 345, 347, 349], "excluded_lines": [], "functions": {"GlobalTradeBatcher.__new__": {"executed_lines": [35, 36, 37, 38], "summary": {"covered_lines": 4, "num_statements": 4, "percent_covered": 100.0, "percent_covered_display": "100", "missing_lines": 0, "excluded_lines": 0}, "missing_lines": [], "excluded_lines": []}, "GlobalTradeBatcher.__init__": {"executed_lines": [42, 43, 45, 46, 47, 48, 49, 51, 52], "summary": {"covered_lines": 9, "num_statements": 9, "percent_covered": 100.0, "percent_covered_display": "100", "missing_lines": 0, "excluded_lines": 0}, "missing_lines": [], "excluded_lines": []}, "GlobalTradeBatcher.register_symbol": {"executed_lines": [62, 63, 64, 65, 73, 74], "summary": {"covered_lines": 6, "num_statements": 6, "percent_covered": 100.0, "percent_covered_display": "100", "missing_lines": 0, "excluded_lines": 0}, "missing_lines": [], "excluded_lines": []}, "GlobalTradeBatcher.unregister_symbol": {"executed_lines": [84, 85, 86, 87, 95], "summary": {"covered_lines": 5, "num_statements": 6, "percent_covered": 83.33333333333333, "percent_covered_display": "83", "missing_lines": 1, "excluded_lines": 0}, "missing_lines": [96], "excluded_lines": []}, "GlobalTradeBatcher.start_batch_processing": {"executed_lines": [100, 103, 104, 105], "summary": {"covered_lines": 4, "num_statements": 5, "percent_covered": 80.0, "percent_covered_display": "80", "missing_lines": 1, "excluded_lines": 0}, "missing_lines": [101], "excluded_lines": []}, "GlobalTradeBatcher.stop_batch_processing": {"executed_lines": [109, 111, 112, 113, 114, 116], "summary": {"covered_lines": 6, "num_statements": 6, "percent_covered": 100.0, "percent_covered_display": "100", "missing_lines": 0, "excluded_lines": 0}, "missing_lines": [], "excluded_lines": []}, "GlobalTradeBatcher._batch_processing_loop": {"executed_lines": [120, 121, 123, 124, 125, 128, 129, 136, 137, 140, 142, 144, 150, 153, 155], "summary": {"covered_lines": 15, "num_statements": 17, "percent_covered": 88.23529411764706, "percent_covered_display": "88", "missing_lines": 2, "excluded_lines": 0}, "missing_lines": [156, 157], "excluded_lines": []}, "GlobalTradeBatcher._calculate_next_batch_time": {"executed_lines": [166, 167, 168, 170, 171], "summary": {"covered_lines": 5, "num_statements": 5, "percent_covered": 100.0, "percent_covered_display": "100", "missing_lines": 0, "excluded_lines": 0}, "missing_lines": [], "excluded_lines": []}, "GlobalTradeBatcher._process_batch": {"executed_lines": [175, 176, 177, 179, 180, 181, 182, 185, 186, 188, 195, 196, 197, 198, 201, 210, 211, 212, 225, 228, 229, 230, 237, 245, 248, 249, 257], "summary": {"covered_lines": 27, "num_statements": 31, "percent_covered": 87.09677419354838, "percent_covered_display": "87", "missing_lines": 4, "excluded_lines": 0}, "missing_lines": [214, 215, 221, 238], "excluded_lines": []}, "GlobalTradeBatcher._process_single_symbol": {"executed_lines": [274, 276, 277, 279, 280, 283, 286, 287, 289, 290, 296], "summary": {"covered_lines": 11, "num_statements": 17, "percent_covered": 64.70588235294117, "percent_covered_display": "65", "missing_lines": 6, "excluded_lines": 0}, "missing_lines": [298, 301, 303, 304, 311, 312], "excluded_lines": []}, "GlobalTradeBatcher._convert_to_trade_objects": {"executed_lines": [324, 326, 327, 328, 330, 331, 333, 334, 343, 344, 356, 358, 359, 362, 364], "summary": {"covered_lines": 15, "num_statements": 18, "percent_covered": 83.33333333333333, "percent_covered_display": "83", "missing_lines": 3, "excluded_lines": 0}, "missing_lines": [345, 347, 349], "excluded_lines": []}, "": {"executed_lines": [1, 8, 9, 10, 11, 12, 14, 15, 16, 17, 18, 19, 22, 23, 30, 31, 33, 40, 54, 76, 98, 107, 118, 159, 173, 263, 314], "summary": {"covered_lines": 25, "num_statements": 25, "percent_covered": 100.0, "percent_covered_display": "100", "missing_lines": 0, "excluded_lines": 0}, "missing_lines": [], "excluded_lines": []}}, "classes": {"GlobalTradeBatcher": {"executed_lines": [35, 36, 37, 38, 42, 43, 45, 46, 47, 48, 49, 51, 52, 62, 63, 64, 65, 73, 74, 84, 85, 86, 87, 95, 100, 103, 104, 105, 109, 111, 112, 113, 114, 116, 120, 121, 123, 124, 125, 128, 129, 136, 137, 140, 142, 144, 150, 153, 155, 166, 167, 168, 170, 171, 175, 176, 177, 179, 180, 181, 182, 185, 186, 188, 195, 196, 197, 198, 201, 210, 211, 212, 225, 228, 229, 230, 237, 245, 248, 249, 257, 274, 276, 277, 279, 280, 283, 286, 287, 289, 290, 296, 324, 326, 327, 328, 330, 331, 333, 334, 343, 344, 356, 358, 359, 362, 364], "summary": {"covered_lines": 107, "num_statements": 124, "percent_covered": 86.29032258064517, "percent_covered_display": "86", "missing_lines": 17, "excluded_lines": 0}, "missing_lines": [96, 101, 156, 157, 214, 215, 221, 238, 298, 301, 303, 304, 311, 312, 345, 347, 349], "excluded_lines": []}, "": {"executed_lines": [1, 8, 9, 10, 11, 12, 14, 15, 16, 17, 18, 19, 22, 23, 30, 31, 33, 40, 54, 76, 98, 107, 118, 159, 173, 263, 314], "summary": {"covered_lines": 25, "num_statements": 25, "percent_covered": 100.0, "percent_covered_display": "100", "missing_lines": 0, "excluded_lines": 0}, "missing_lines": [], "excluded_lines": []}}}, "src/fullon_ohlcv_service/trade/historic_collector.py": {"executed_lines": [1, 9, 10, 11, 13, 14, 15, 16, 17, 18, 19, 20, 23, 26, 36, 37, 38, 39, 40, 41, 42, 43, 44, 46, 49, 50, 57, 58, 59, 61, 68, 69, 70, 72, 73, 75, 77, 79, 82, 83, 85, 86, 87, 88, 89, 91, 92, 93, 95, 98, 101, 104, 105, 107, 108, 114, 115, 119, 121, 155, 157, 159, 161, 162, 163, 166, 167, 169, 174, 175, 176, 177, 178, 179, 181, 183, 187, 188, 190, 197, 198, 199, 200, 205, 208, 209, 210, 212, 214, 215, 220, 222, 229, 230, 231, 232, 235, 238, 239, 240, 241, 242, 245, 247, 248, 254, 256, 258, 259, 262, 263, 272, 275, 277, 278, 280, 288, 289, 295, 296, 297, 299, 300, 305, 307, 308, 311, 352, 353, 358, 361, 362, 368, 370, 371, 374, 376, 382, 384, 390], "summary": {"covered_lines": 138, "num_statements": 193, "percent_covered": 71.50259067357513, "percent_covered_display": "72", "missing_lines": 55, "excluded_lines": 0}, "missing_lines": [106, 110, 111, 112, 133, 136, 139, 140, 141, 142, 143, 145, 146, 149, 152, 153, 314, 315, 316, 317, 318, 321, 322, 323, 324, 325, 327, 330, 331, 334, 337, 341, 347, 350, 386, 387, 388, 392, 394, 395, 397, 398, 399, 400, 401, 403, 404, 405, 406, 409, 413, 422, 423, 424, 426], "excluded_lines": [], "functions": {"_format_time_remaining": {"executed_lines": [36, 37, 38, 39, 40, 41, 42, 43, 44, 46], "summary": {"covered_lines": 10, "num_statements": 10, "percent_covered": 100.0, "percent_covered_display": "100", "missing_lines": 0, "excluded_lines": 0}, "missing_lines": [], "excluded_lines": []}, "HistoricTradeCollector.__init__": {"executed_lines": [58, 59], "summary": {"covered_lines": 2, "num_statements": 2, "percent_covered": 100.0, "percent_covered_display": "100", "missing_lines": 0, "excluded_lines": 0}, "missing_lines": [], "excluded_lines": []}, "HistoricTradeCollector.start_collection": {"executed_lines": [68, 69, 70, 72, 73, 75, 77, 79, 82, 83, 85, 86, 87, 88, 89, 91, 92, 93, 95, 98, 101, 104, 105, 107, 108, 114, 115, 119], "summary": {"covered_lines": 28, "num_statements": 32, "percent_covered": 87.5, "percent_covered_display": "88", "missing_lines": 4, "excluded_lines": 0}, "missing_lines": [106, 110, 111, 112], "excluded_lines": []}, "HistoricTradeCollector.start_symbol": {"executed_lines": [], "summary": {"covered_lines": 0, "num_statements": 12, "percent_covered": 0.0, "percent_covered_display": "0", "missing_lines": 12, "excluded_lines": 0}, "missing_lines": [133, 136, 139, 140, 141, 142, 143, 145, 146, 149, 152, 153], "excluded_lines": []}, "HistoricTradeCollector._load_data": {"executed_lines": [157, 159, 161, 162, 163, 166, 167, 169, 174, 175, 176, 177, 178, 179, 181], "summary": {"covered_lines": 15, "num_statements": 15, "percent_covered": 100.0, "percent_covered_display": "100", "missing_lines": 0, "excluded_lines": 0}, "missing_lines": [], "excluded_lines": []}, "HistoricTradeCollector._start_exchange_historic_collector": {"executed_lines": [187, 188, 190, 197, 198, 199, 200, 205, 208, 209, 210, 212, 214, 215, 220, 222, 229, 230, 231, 232, 235, 238, 239, 240, 241, 242, 245, 247, 248, 254], "summary": {"covered_lines": 30, "num_statements": 30, "percent_covered": 100.0, "percent_covered_display": "100", "missing_lines": 0, "excluded_lines": 0}, "missing_lines": [], "excluded_lines": []}, "HistoricTradeCollector._collect_symbol_historical": {"executed_lines": [258, 259, 262, 263, 272, 275, 277, 278, 280, 288, 289, 295, 296, 297, 299, 300, 305, 307, 308, 311, 352, 353, 358, 361, 362, 368, 370, 371, 374, 376, 382], "summary": {"covered_lines": 31, "num_statements": 49, "percent_covered": 63.265306122448976, "percent_covered_display": "63", "missing_lines": 18, "excluded_lines": 0}, "missing_lines": [314, 315, 316, 317, 318, 321, 322, 323, 324, 325, 327, 330, 331, 334, 337, 341, 347, 350], "excluded_lines": []}, "HistoricTradeCollector._extract_timestamp": {"executed_lines": [], "summary": {"covered_lines": 0, "num_statements": 3, "percent_covered": 0.0, "percent_covered_display": "0", "missing_lines": 3, "excluded_lines": 0}, "missing_lines": [386, 387, 388], "excluded_lines": []}, "HistoricTradeCollector._convert_to_trade_objects": {"executed_lines": [], "summary": {"covered_lines": 0, "num_statements": 18, "percent_covered": 0.0, "percent_covered_display": "0", "missing_lines": 18, "excluded_lines": 0}, "missing_lines": [392, 394, 395, 397, 398, 399, 400, 401, 403, 404, 405, 406, 409, 413, 422, 423, 424, 426], "excluded_lines": []}, "": {"executed_lines": [1, 9, 10, 11, 13, 14, 15, 16, 17, 18, 19, 20, 23, 26, 49, 50, 57, 61, 121, 155, 183, 256, 384, 390], "summary": {"covered_lines": 22, "num_statements": 22, "percent_covered": 100.0, "percent_covered_display": "100", "missing_lines": 0, "excluded_lines": 0}, "missing_lines": [], "excluded_lines": []}}, "classes": {"HistoricTradeCollector": {"executed_lines": [58, 59, 68, 69, 70, 72, 73, 75, 77, 79, 82, 83, 85, 86, 87, 88, 89, 91, 92, 93, 95, 98, 101, 104, 105, 107, 108, 114, 115, 119, 157, 159, 161, 162, 163, 166, 167, 169, 174, 175, 176, 177, 178, 179, 181, 187, 188, 190, 197, 198, 199, 200, 205, 208, 209, 210, 212, 214, 215, 220, 222, 229, 230, 231, 232, 235, 238, 239, 240, 241, 242, 245, 247, 248, 254, 258, 259, 262, 263, 272, 275, 277, 278, 280, 288, 289, 295, 296, 297, 299, 300, 305, 307, 308, 311, 352, 353, 358, 361, 362, 368, 370, 371, 374, 376, 382], "summary": {"covered_lines": 106, "num_statements": 161, "percent_covered": 65.83850931677019, "percent_covered_display": "66", "missing_lines": 55, "excluded_lines": 0}, "missing_lines": [106, 110, 111, 112, 133, 136, 139, 140, 141, 142, 143, 145, 146, 149, 152, 153, 314, 315, 316, 317, 318, 321, 322, 323, 324, 325, 327, 330, 331, 334, 337, 341, 347, 350, 386, 387, 388, 392, 394, 395, 397, 398, 399, 400, 401, 403, 404, 405, 406, 409, 413, 422, 423, 424, 426], "excluded_lines": []}, "": {"executed_lines": [1, 9, 10, 11, 13, 14, 15, 16, 17, 18, 19, 20, 23, 26, 36, 37, 38, 39, 40, 41, 42, 43, 44, 46, 49, 50, 57, 61, 121, 155, 183, 256, 384, 390], "summary": {"covered_lines": 32, "num_statements": 32, "percent_covered": 100.0, "percent_covered_display": "100", "missing_lines": 0, "excluded_lines": 0}, "missing_lines": [], "excluded_lines": []}}}, "src/fullon_ohlcv_service/trade/live_collector.py": {"executed_lines": [1, 8, 9, 11, 12, 13, 14, 15, 16, 18, 19, 21, 24, 25, 32, 33, 34, 35, 36, 37, 38, 40, 42, 43, 44, 46, 47, 49, 51, 54, 56, 57, 58, 59, 60, 62, 67, 73, 75, 76, 79, 80, 81, 82, 83, 85, 88, 91, 92, 94, 99, 100, 101, 102, 103, 104, 106, 108, 113, 115, 119, 121, 123, 125, 128, 129, 130, 131, 132, 133, 136, 137, 148, 150, 153, 154, 162, 163, 164, 165, 166, 173, 185, 188, 189, 191, 192, 197, 200, 201, 206, 209, 210, 211, 212, 215, 216, 217, 222, 224, 225, 228, 229, 230, 231, 237, 239, 248, 249, 251, 263, 266, 267, 268, 269, 270, 272, 273, 276], "summary": {"covered_lines": 117, "num_statements": 125, "percent_covered": 93.6, "percent_covered_display": "94", "missing_lines": 8, "excluded_lines": 0}, "missing_lines": [63, 64, 69, 70, 71, 179, 180, 183], "excluded_lines": [], "functions": {"LiveTradeCollector.__init__": {"executed_lines": [33, 34, 35, 36, 37, 38], "summary": {"covered_lines": 6, "num_statements": 6, "percent_covered": 100.0, "percent_covered_display": "100", "missing_lines": 0, "excluded_lines": 0}, "missing_lines": [], "excluded_lines": []}, "LiveTradeCollector.start_collection": {"executed_lines": [42, 43, 44, 46, 47, 49, 51, 54, 56, 57, 58, 59, 60, 62, 67], "summary": {"covered_lines": 15, "num_statements": 20, "percent_covered": 75.0, "percent_covered_display": "75", "missing_lines": 5, "excluded_lines": 0}, "missing_lines": [63, 64, 69, 70, 71], "excluded_lines": []}, "LiveTradeCollector.stop_collection": {"executed_lines": [75, 76, 79, 80, 81, 82, 83], "summary": {"covered_lines": 7, "num_statements": 7, "percent_covered": 100.0, "percent_covered_display": "100", "missing_lines": 0, "excluded_lines": 0}, "missing_lines": [], "excluded_lines": []}, "LiveTradeCollector._load_data": {"executed_lines": [88, 91, 92, 94, 99, 100, 101, 102, 103, 104, 106], "summary": {"covered_lines": 11, "num_statements": 11, "percent_covered": 100.0, "percent_covered_display": "100", "missing_lines": 0, "excluded_lines": 0}, "missing_lines": [], "excluded_lines": []}, "LiveTradeCollector._start_exchange_collector": {"executed_lines": [113, 115, 119, 121, 123, 125, 128, 129, 130, 131, 132, 133, 136, 137, 148, 150, 153, 154, 162, 163, 164, 165, 166, 173], "summary": {"covered_lines": 24, "num_statements": 27, "percent_covered": 88.88888888888889, "percent_covered_display": "89", "missing_lines": 3, "excluded_lines": 0}, "missing_lines": [179, 180, 183], "excluded_lines": []}, "LiveTradeCollector._create_exchange_callback": {"executed_lines": [188, 237], "summary": {"covered_lines": 2, "num_statements": 2, "percent_covered": 100.0, "percent_covered_display": "100", "missing_lines": 0, "excluded_lines": 0}, "missing_lines": [], "excluded_lines": []}, "LiveTradeCollector._create_exchange_callback.trade_callback": {"executed_lines": [189, 191, 192, 197, 200, 201, 206, 209, 210, 211, 212, 215, 216, 217, 222, 224, 225, 228, 229, 230, 231], "summary": {"covered_lines": 21, "num_statements": 21, "percent_covered": 100.0, "percent_covered_display": "100", "missing_lines": 0, "excluded_lines": 0}, "missing_lines": [], "excluded_lines": []}, "LiveTradeCollector.is_collecting": {"executed_lines": [248, 249], "summary": {"covered_lines": 2, "num_statements": 2, "percent_covered": 100.0, "percent_covered_display": "100", "missing_lines": 0, "excluded_lines": 0}, "missing_lines": [], "excluded_lines": []}, "LiveTradeCollector.start_symbol": {"executed_lines": [263, 266, 267, 268, 269, 270, 272, 273, 276], "summary": {"covered_lines": 9, "num_statements": 9, "percent_covered": 100.0, "percent_covered_display": "100", "missing_lines": 0, "excluded_lines": 0}, "missing_lines": [], "excluded_lines": []}, "": {"executed_lines": [1, 8, 9, 11, 12, 13, 14, 15, 16, 18, 19, 21, 24, 25, 32, 40, 73, 85, 108, 185, 239, 251], "summary": {"covered_lines": 20, "num_statements": 20, "percent_covered": 100.0, "percent_covered_display": "100", "missing_lines": 0, "excluded_lines": 0}, "missing_lines": [], "excluded_lines": []}}, "classes": {"LiveTradeCollector": {"executed_lines": [33, 34, 35, 36, 37, 38, 42, 43, 44, 46, 47, 49, 51, 54, 56, 57, 58, 59, 60, 62, 67, 75, 76, 79, 80, 81, 82, 83, 88, 91, 92, 94, 99, 100, 101, 102, 103, 104, 106, 113, 115, 119, 121, 123, 125, 128, 129, 130, 131, 132, 133, 136, 137, 148, 150, 153, 154, 162, 163, 164, 165, 166, 173, 188, 189, 191, 192, 197, 200, 201, 206, 209, 210, 211, 212, 215, 216, 217, 222, 224, 225, 228, 229, 230, 231, 237, 248, 249, 263, 266, 267, 268, 269, 270, 272, 273, 276], "summary": {"covered_lines": 97, "num_statements": 105, "percent_covered": 92.38095238095238, "percent_covered_display": "92", "missing_lines": 8, "excluded_lines": 0}, "missing_lines": [63, 64, 69, 70, 71, 179, 180, 183], "excluded_lines": []}, "": {"executed_lines": [1, 8, 9, 11, 12, 13, 14, 15, 16, 18, 19, 21, 24, 25, 32, 40, 73, 85, 108, 185, 239, 251], "summary": {"covered_lines": 20, "num_statements": 20, "percent_covered": 100.0, "percent_covered_display": "100", "missing_lines": 0, "excluded_lines": 0}, "missing_lines": [], "excluded_lines": []}}}, "src/fullon_ohlcv_service/utils/__init__.py": {"executed_lines": [1], "summary": {"covered_lines": 0, "num_statements": 0, "percent_covered": 100.0, "percent_covered_display": "100", "missing_lines": 0, "excluded_lines": 0}, "missing_lines": [], "excluded_lines": [], "functions": {"": {"executed_lines": [1], "summary": {"covered_lines": 0, "num_statements": 0, "percent_covered": 100.0, "percent_covered_display": "100", "missing_lines": 0, "excluded_lines": 0}, "missing_lines": [], "excluded_lines": []}}, "classes": {"": {"executed_lines": [1], "summary": {"covered_lines": 0, "num_statements": 0, "percent_covered": 100.0, "percent_covered_display": "100", "missing_lines": 0, "excluded_lines": 0}, "missing_lines": [], "excluded_lines": []}}}, "src/fullon_ohlcv_service/utils/add_symbols.py": {"executed_lines": [2, 9, 10, 11, 13, 16, 30, 31, 33, 34, 36, 37, 38, 43, 44, 45, 48, 63, 64, 66, 68, 69, 71, 72, 73, 75, 77, 78, 81, 82, 83, 85, 87, 92, 93, 95, 97, 99, 101, 102, 103, 106, 120, 121, 123, 125, 127, 128, 129, 131, 133, 134, 135, 140, 141, 143, 144, 146, 147, 148], "summary": {"covered_lines": 59, "num_statements": 61, "percent_covered": 96.72131147540983, "percent_covered_display": "97", "missing_lines": 2, "excluded_lines": 0}, "missing_lines": [40, 41], "excluded_lines": [], "functions": {"add_symbol": {"executed_lines": [30, 31, 33, 34, 36, 37, 38, 43, 44, 45], "summary": {"covered_lines": 10, "num_statements": 12, "percent_covered": 83.33333333333333, "percent_covered_display": "83", "missing_lines": 2, "excluded_lines": 0}, "missing_lines": [40, 41], "excluded_lines": []}, "add_all_symbols": {"executed_lines": [63, 64, 66, 68, 69, 71, 72, 73, 75, 77, 78, 81, 82, 83, 85, 87, 92, 93, 95, 97, 99, 101, 102, 103], "summary": {"covered_lines": 24, "num_statements": 24, "percent_covered": 100.0, "percent_covered_display": "100", "missing_lines": 0, "excluded_lines": 0}, "missing_lines": [], "excluded_lines": []}, "add_symbols_for_exchange": {"executed_lines": [120, 121, 123, 125, 127, 128, 129, 131, 133, 134, 135, 140, 141, 143, 144, 146, 147, 148], "summary": {"covered_lines": 18, "num_statements": 18, "percent_covered": 100.0, "percent_covered_display": "100", "missing_lines": 0, "excluded_lines": 0}, "missing_lines": [], "excluded_lines": []}, "": {"executed_lines": [2, 9, 10, 11, 13, 16, 48, 106], "summary": {"covered_lines": 7, "num_statements": 7, "percent_covered": 100.0, "percent_covered_display": "100", "missing_lines": 0, "excluded_lines": 0}, "missing_lines": [], "excluded_lines": []}}, "classes": {"": {"executed_lines": [2, 9, 10, 11, 13, 16, 30, 31, 33, 34, 36, 37, 38, 43, 44, 45, 48, 63, 64, 66, 68, 69, 71, 72, 73, 75, 77, 78, 81, 82, 83, 85, 87, 92, 93, 95, 97, 99, 101, 102, 103, 106, 120, 121, 123, 125, 127, 128, 129, 131, 133, 134, 135, 140, 141, 143, 144, 146, 147, 148], "summary": {"covered_lines": 59, "num_statements": 61, "percent_covered": 96.72131147540983, "percent_covered_display": "97", "missing_lines": 2, "excluded_lines": 0}, "missing_lines": [40, 41], "excluded_lines": []}}}, "src/fullon_ohlcv_service/utils/admin_helper.py": {"executed_lines": [1, 3, 5, 6, 9, 20, 22, 24, 25, 29, 31], "summary": {"covered_lines": 10, "num_statements": 11, "percent_covered": 90.9090909090909, "percent_covered_display": "91", "missing_lines": 1, "excluded_lines": 0}, "missing_lines": [26], "excluded_lines": [], "functions": {"get_admin_exchanges": {"executed_lines": [20, 22, 24, 25, 29, 31], "summary": {"covered_lines": 6, "num_statements": 7, "percent_covered": 85.71428571428571, "percent_covered_display": "86", "missing_lines": 1, "excluded_lines": 0}, "missing_lines": [26], "excluded_lines": []}, "": {"executed_lines": [1, 3, 5, 6, 9], "summary": {"covered_lines": 4, "num_statements": 4, "percent_covered": 100.0, "percent_covered_display": "100", "missing_lines": 0, "excluded_lines": 0}, "missing_lines": [], "excluded_lines": []}}, "classes": {"": {"executed_lines": [1, 3, 5, 6, 9, 20, 22, 24, 25, 29, 31], "summary": {"covered_lines": 10, "num_statements": 11, "percent_covered": 90.9090909090909, "percent_covered_display": "91", "missing_lines": 1, "excluded_lines": 0}, "missing_lines": [26], "excluded_lines": []}}}}, "totals": {"covered_lines": 936, "num_statements": 1242, "percent_covered": 75.3623188405797, "percent_covered_display": "75", "missing_lines": 306, "excluded_lines": 0}}